iCuiniao/proguard.cfg
-optimizationpasses 5
-dontusemixedcaseclassnames
-dontskipnonpubliclibraryclasses
-dontpreverify
-dontwarn android.webkit.WebView
-dontwarn org.apache.mina.**
-dontwarn org.slf4j.**
-verbose
-optimizations !code/simplification/arithmetic,!field/*,!class/merging/*

-keep public class * extends android.app.Activity
-keep public class * extends android.app.Application
-keep public class * extends android.app.Service
-keep public class * extends android.content.BroadcastReceiver
-keep public class * extends android.content.ContentProvider
-keep public class * extends android.app.backup.BackupAgentHelper
-keep public class * extends android.preference.Preference
-keep public class com.android.vending.licensing.ILicensingService
-keep class android.webkit.*{ public * ; }
-keep class com.cmmobi.icuiniao.Activity.JSDate{ * ; }
-keep class com.tencent.mm.sdk.openapi.WXMediaMessage { *;}
-keep class com.tencent.mm.sdk.openapi.** implements com.tencent.mm.sdk.openapi.WXMediaMessage$IMediaObject {*;}
-keep class net.sourceforge.pinyin4j.format.HanyuPinyinOutputFormat.** {*;}
-keep class net.sourceforge.pinyin4j.PinyinHelper.** {*;}
-keep class org.apache.mina.** {*;}
-keep class org.slf4j.** {*;}

-keepclasseswithmembernames class * {
    native <methods>;
}

-keepclasseswithmembernames class * {
    public <init>(android.content.Context, android.util.AttributeSet);
}

-keepclasseswithmembernames class * {
    public <init>(android.content.Context, android.util.AttributeSet, int);
}

-keepclassmembers enum * {
    public static **[] values();
    public static ** valueOf(java.lang.String);
}

-keep class * implements android.os.Parcelable {
  public static final android.os.Parcelable$Creator *;
}