iCuiniao/proguard/seeds.txt
com.cmmobi.icuiniao.Activity.JSDate
com.cmmobi.icuiniao.Activity.JSDate: android.content.Context context
com.cmmobi.icuiniao.Activity.JSDate: java.lang.String MODE
com.cmmobi.icuiniao.Activity.JSDate: java.lang.String HAND
com.cmmobi.icuiniao.Activity.JSDate: JSDate(android.content.Context)
com.cmmobi.icuiniao.Activity.JSDate: void event_login(java.lang.String)
com.cmmobi.icuiniao.Activity.JSDate: void event_regedit(java.lang.String)
com.cmmobi.icuiniao.Activity.JSDate: void event_share(java.lang.String)
com.cmmobi.icuiniao.Activity.JSDate: void event_click(java.lang.String)
com.cmmobi.icuiniao.Activity.JSDate: void event_error(java.lang.String)
com.cmmobi.icuiniao.Activity.JSDate: void event_bind(java.lang.String)
com.cmmobi.icuiniao.Activity.JSDate: void event_invite(java.lang.String)
com.cmmobi.icuiniao.ui.view.LitviewNoOverScroll
com.cmmobi.icuiniao.ui.view.LitviewNoOverScroll: LitviewNoOverScroll(android.content.Context,android.util.AttributeSet)
com.cmmobi.icuiniao.ui.view.MainPageGallery
com.cmmobi.icuiniao.ui.view.MainPageGallery: MainPageGallery(android.content.Context,android.util.AttributeSet)
com.cmmobi.icuiniao.ui.view.MyPageGallery
com.cmmobi.icuiniao.ui.view.MyPageGallery: MyPageGallery(android.content.Context,android.util.AttributeSet)
com.cmmobi.icuiniao.ui.view.ShareList
com.cmmobi.icuiniao.ui.view.ShareList: ShareList(android.content.Context,android.util.AttributeSet)
com.cmmobi.icuiniao.ui.view.PopupMenuA
com.cmmobi.icuiniao.ui.view.PopupMenuA: PopupMenuA(android.content.Context,android.util.AttributeSet)
com.cmmobi.icuiniao.ui.view.MGridView
com.cmmobi.icuiniao.ui.view.MGridView: MGridView(android.content.Context,android.util.AttributeSet)
com.cmmobi.icuiniao.ui.view.WheelView
com.cmmobi.icuiniao.ui.view.WheelView: WheelView(android.content.Context,android.util.AttributeSet)
com.cmmobi.icuiniao.ui.view.ListviewForUserInfo
com.cmmobi.icuiniao.ui.view.ListviewForUserInfo: ListviewForUserInfo(android.content.Context,android.util.AttributeSet)
com.cmmobi.icuiniao.ui.view.ListviewForRefresh
com.cmmobi.icuiniao.ui.view.ListviewForRefresh: ListviewForRefresh(android.content.Context,android.util.AttributeSet)
com.cmmobi.icuiniao.ui.view.MyGallery
com.cmmobi.icuiniao.ui.view.MyGallery: MyGallery(android.content.Context,android.util.AttributeSet)
com.cmmobi.icuiniao.ui.view.MainMenu
com.cmmobi.icuiniao.ui.view.MainMenu: MainMenu(android.content.Context,android.util.AttributeSet)
com.cmmobi.icuiniao.ui.view.ScrollviewForRefresh
com.cmmobi.icuiniao.ui.view.ScrollviewForRefresh: ScrollviewForRefresh(android.content.Context,android.util.AttributeSet)
com.cmmobi.icuiniao.ui.view.PopupMenu
com.cmmobi.icuiniao.ui.view.PopupMenu: PopupMenu(android.content.Context,android.util.AttributeSet)
com.cmmobi.icuiniao.ui.view.CropView
com.cmmobi.icuiniao.ui.view.CropView: CropView(android.content.Context,android.util.AttributeSet)
com.cmmobi.icuiniao.ui.view.ListviewForHeadNexPage
com.cmmobi.icuiniao.ui.view.ListviewForHeadNexPage: ListviewForHeadNexPage(android.content.Context,android.util.AttributeSet)
com.cmmobi.icuiniao.ui.view.PopupFwRightView
com.cmmobi.icuiniao.ui.view.PopupFwRightView: PopupFwRightView(android.content.Context,android.util.AttributeSet)
com.cmmobi.icuiniao.ui.view.SlipButton
com.cmmobi.icuiniao.ui.view.SlipButton: SlipButton(android.content.Context,android.util.AttributeSet)
com.cmmobi.icuiniao.ui.view.MainPageGallery
com.cmmobi.icuiniao.ui.view.MainPageGallery: MainPageGallery(android.content.Context,android.util.AttributeSet,int)
com.cmmobi.icuiniao.ui.view.MyPageGallery
com.cmmobi.icuiniao.ui.view.MyPageGallery: MyPageGallery(android.content.Context,android.util.AttributeSet,int)
com.cmmobi.icuiniao.ui.view.PopupMenuA
com.cmmobi.icuiniao.ui.view.PopupMenuA: PopupMenuA(android.content.Context,android.util.AttributeSet,int)
...
org.apache.mina.util.byteaccess.ByteArrayPool$DirectBufferByteArray
org.apache.mina.util.byteaccess.ByteArrayPool$DirectBufferByteArray: boolean freed
org.apache.mina.util.byteaccess.ByteArrayPool$DirectBufferByteArray: org.apache.mina.util.byteaccess.ByteArrayPool this$0
org.apache.mina.util.byteaccess.ByteArrayPool$DirectBufferByteArray: ByteArrayPool$DirectBufferByteArray(org.apache.mina.util.byteaccess.ByteArrayPool,org.apache.mina.core.buffer.IoBuffer)
org.apache.mina.util.byteaccess.ByteArrayPool$DirectBufferByteArray: void setFreed(boolean)
org.apache.mina.util.byteaccess.ByteArrayPool$DirectBufferByteArray: void free()
org.apache.mina.util.byteaccess.BufferByteArray: org.apache.mina.core.buffer.IoBuffer bb
org.apache.mina.util.byteaccess.BufferByteArray: BufferByteArray(org.apache.mina.core.buffer.IoBuffer)
org.apache.mina.util.byteaccess.BufferByteArray: java.lang.Iterable getIoBuffers()
org.apache.mina.util.byteaccess.BufferByteArray: org.apache.mina.core.buffer.IoBuffer getSingleIoBuffer()
org.apache.mina.util.byteaccess.BufferByteArray: org.apache.mina.util.byteaccess.ByteArray slice(int,int)
org.apache.mina.util.byteaccess.BufferByteArray: void free()
org.apache.mina.util.byteaccess.BufferByteArray: org.apache.mina.util.byteaccess.ByteArray$Cursor cursor()
org.apache.mina.util.byteaccess.BufferByteArray: org.apache.mina.util.byteaccess.ByteArray$Cursor cursor(int)
org.apache.mina.util.byteaccess.BufferByteArray: int first()
org.apache.mina.util.byteaccess.BufferByteArray: int last()
org.apache.mina.util.byteaccess.BufferByteArray: java.nio.ByteOrder order()
org.apache.mina.util.byteaccess.BufferByteArray: void order(java.nio.ByteOrder)
org.apache.mina.util.byteaccess.BufferByteArray: byte get(int)
org.apache.mina.util.byteaccess.BufferByteArray: void put(int,byte)
org.apache.mina.util.byteaccess.BufferByteArray: void get(int,org.apache.mina.core.buffer.IoBuffer)
org.apache.mina.util.byteaccess.BufferByteArray: void put(int,org.apache.mina.core.buffer.IoBuffer)
org.apache.mina.util.byteaccess.BufferByteArray: short getShort(int)
org.apache.mina.util.byteaccess.AbstractByteArray: AbstractByteArray()
org.apache.mina.util.byteaccess.AbstractByteArray: int length()
org.apache.mina.util.byteaccess.AbstractByteArray: boolean equals(java.lang.Object)
org.apache.mina.core.session.AbstractIoSession$1
org.apache.mina.core.session.AbstractIoSession$1: AbstractIoSession$1()
org.apache.mina.core.session.AbstractIoSession$1: void operationComplete(org.apache.mina.core.future.CloseFuture)
org.apache.mina.core.session.AbstractIoSession$1: void operationComplete(org.apache.mina.core.future.IoFuture)
org.apache.mina.core.session.AbstractIoSession$2
org.apache.mina.core.session.AbstractIoSession$2: java.nio.channels.FileChannel val$finalChannel
org.apache.mina.core.session.AbstractIoSession$2: org.apache.mina.core.session.AbstractIoSession this$0
org.apache.mina.core.session.AbstractIoSession$2: AbstractIoSession$2(org.apache.mina.core.session.AbstractIoSession,java.nio.channels.FileChannel)
org.apache.mina.core.session.AbstractIoSession$2: void operationComplete(org.apache.mina.core.future.WriteFuture)
org.apache.mina.core.session.AbstractIoSession$2: void operationComplete(org.apache.mina.core.future.IoFuture)
org.apache.mina.filter.statistic.ProfilerTimerFilter$1
org.apache.mina.filter.statistic.ProfilerTimerFilter$1: int[] $SwitchMap$org$apache$mina$core$session$IoEventType
org.apache.mina.filter.statistic.ProfilerTimerFilter$1: int[] $SwitchMap$java$util$concurrent$TimeUnit
org.apache.mina.filter.statistic.ProfilerTimerFilter$1: void <clinit>()