iCuiniao/proguard/mapping.txt
com.cmmobi.icuiniao.Activity.AboutActivity -> com.cmmobi.icuiniao.Activity.AboutActivity:
    android.widget.Button titlebar_backbutton -> a
    android.widget.Button helpbtn -> b
    android.view.View$OnClickListener backClickListener -> c
    android.view.View$OnClickListener helpbtnClickListener -> d
    void onCreate(android.os.Bundle) -> onCreate
com.cmmobi.icuiniao.Activity.AboutActivity$1 -> com.cmmobi.icuiniao.Activity.d:
    com.cmmobi.icuiniao.Activity.AboutActivity this$0 -> a
    void onClick(android.view.View) -> onClick
com.cmmobi.icuiniao.Activity.AboutActivity$2 -> com.cmmobi.icuiniao.Activity.c:
    com.cmmobi.icuiniao.Activity.AboutActivity this$0 -> a
    void onClick(android.view.View) -> onClick
com.cmmobi.icuiniao.Activity.AbsCuiniaoMenu -> com.cmmobi.icuiniao.Activity.AbsCuiniaoMenu:
    com.cmmobi.icuiniao.menuclick.AbsMenuClick absMenuClick -> a
    android.widget.AdapterView$OnItemClickListener itemClickListener -> b
    void onCreate(android.os.Bundle) -> onCreate
    void set(com.cmmobi.icuiniao.menuclick.AbsMenuClick) -> a
    void finish() -> finish
    com.cmmobi.icuiniao.menuclick.AbsMenuClick access$0() -> a
com.cmmobi.icuiniao.Activity.AbsCuiniaoMenu$1 -> com.cmmobi.icuiniao.Activity.dj:
    com.cmmobi.icuiniao.Activity.AbsCuiniaoMenu this$0 -> a
    void onItemClick(android.widget.AdapterView,android.view.View,int,long) -> onItemClick
com.cmmobi.icuiniao.Activity.AddAddressActivity -> com.cmmobi.icuiniao.Activity.AddAddressActivity:
    android.widget.Button titlebar_backbutton -> a
    android.widget.EditText email_input -> b
    android.widget.EditText addr_input -> c
    android.widget.EditText phone_input -> d
    android.widget.EditText name_input -> e
    android.widget.Button addbtn -> f
    java.lang.String addrManager -> g
    int curAddr -> h
    org.json.JSONArray jsonArray -> i
    java.util.ArrayList list -> j
    android.widget.ProgressBar loadingBar -> k
    android.widget.ScrollView scrollview -> l
    android.os.Handler mHandler -> m
    android.view.View$OnClickListener backClickListener -> n
    android.view.View$OnClickListener sendClickListener -> o
    void onCreate(android.os.Bundle) -> onCreate
    void addProgress() -> a
    void closeProgress() -> b
    void access$0(com.cmmobi.icuiniao.Activity.AddAddressActivity,byte[]) -> a
    java.lang.String access$1(com.cmmobi.icuiniao.Activity.AddAddressActivity) -> a
    int access$2(com.cmmobi.icuiniao.Activity.AddAddressActivity) -> b
    void access$3(com.cmmobi.icuiniao.Activity.AddAddressActivity) -> c
    void access$4(com.cmmobi.icuiniao.Activity.AddAddressActivity) -> d
    android.widget.EditText access$5(com.cmmobi.icuiniao.Activity.AddAddressActivity) -> e
com.cmmobi.icuiniao.Activity.AddAddressActivity$1 -> com.cmmobi.icuiniao.Activity.f:
    com.cmmobi.icuiniao.Activity.AddAddressActivity this$0 -> a
    void handleMessage(android.os.Message) -> handleMessage
com.cmmobi.icuiniao.Activity.AddAddressActivity$1$1 -> com.cmmobi.icuiniao.Activity.gy:
    com.cmmobi.icuiniao.Activity.AddAddressActivity$1 this$1 -> a
    void run() -> run
com.cmmobi.icuiniao.Activity.AddAddressActivity$2 -> com.cmmobi.icuiniao.Activity.i:
    com.cmmobi.icuiniao.Activity.AddAddressActivity this$0 -> a
    void onClick(android.view.View) -> onClick
com.cmmobi.icuiniao.Activity.AddAddressActivity$3 -> com.cmmobi.icuiniao.Activity.h:
    com.cmmobi.icuiniao.Activity.AddAddressActivity this$0 -> a
    void onClick(android.view.View) -> onClick
com.cmmobi.icuiniao.Activity.AddAddressActivity$4 -> com.cmmobi.icuiniao.Activity.e:
    float x -> a
    float y -> b
    com.cmmobi.icuiniao.Activity.AddAddressActivity this$0 -> c
    boolean onTouch(android.view.View,android.view.MotionEvent) -> onTouch
...
org.apache.mina.filter.ssl.BogusTrustManagerFactory$1 -> org.apache.mina.filter.ssl.BogusTrustManagerFactory$1:
    long serialVersionUID -> serialVersionUID
org.apache.mina.filter.ssl.BogusTrustManagerFactory$2 -> org.apache.mina.filter.ssl.BogusTrustManagerFactory$2:
    void checkClientTrusted(java.security.cert.X509Certificate[],java.lang.String) -> checkClientTrusted
    void checkServerTrusted(java.security.cert.X509Certificate[],java.lang.String) -> checkServerTrusted
    java.security.cert.X509Certificate[] getAcceptedIssuers() -> getAcceptedIssuers
org.apache.mina.filter.ssl.BogusTrustManagerFactory$BogusTrustManagerFactorySpi -> org.apache.mina.filter.ssl.BogusTrustManagerFactory$BogusTrustManagerFactorySpi:
    javax.net.ssl.TrustManager[] engineGetTrustManagers() -> engineGetTrustManagers
    void engineInit(java.security.KeyStore) -> engineInit
    void engineInit(javax.net.ssl.ManagerFactoryParameters) -> engineInit
org.apache.mina.filter.ssl.KeyStoreFactory -> org.apache.mina.filter.ssl.KeyStoreFactory:
    java.lang.String type -> type
    java.lang.String provider -> provider
    char[] password -> password
    byte[] data -> data
    java.security.KeyStore newInstance() -> newInstance
    void setType(java.lang.String) -> setType
    void setPassword(java.lang.String) -> setPassword
    void setProvider(java.lang.String) -> setProvider
    void setData(byte[]) -> setData
    void setData(java.io.InputStream) -> setData
    void setDataFile(java.io.File) -> setDataFile
    void setDataUrl(java.net.URL) -> setDataUrl
org.apache.mina.filter.ssl.SslContextFactory -> org.apache.mina.filter.ssl.SslContextFactory:
    java.lang.String provider -> provider
    java.lang.String protocol -> protocol
    java.security.SecureRandom secureRandom -> secureRandom
    java.security.KeyStore keyManagerFactoryKeyStore -> keyManagerFactoryKeyStore
    char[] keyManagerFactoryKeyStorePassword -> keyManagerFactoryKeyStorePassword
    javax.net.ssl.KeyManagerFactory keyManagerFactory -> keyManagerFactory
    java.lang.String keyManagerFactoryAlgorithm -> keyManagerFactoryAlgorithm
    java.lang.String keyManagerFactoryProvider -> keyManagerFactoryProvider
    boolean keyManagerFactoryAlgorithmUseDefault -> keyManagerFactoryAlgorithmUseDefault
    java.security.KeyStore trustManagerFactoryKeyStore -> trustManagerFactoryKeyStore
    javax.net.ssl.TrustManagerFactory trustManagerFactory -> trustManagerFactory
    java.lang.String trustManagerFactoryAlgorithm -> trustManagerFactoryAlgorithm
    java.lang.String trustManagerFactoryProvider -> trustManagerFactoryProvider
    boolean trustManagerFactoryAlgorithmUseDefault -> trustManagerFactoryAlgorithmUseDefault
    javax.net.ssl.ManagerFactoryParameters trustManagerFactoryParameters -> trustManagerFactoryParameters
    int clientSessionCacheSize -> clientSessionCacheSize
    int clientSessionTimeout -> clientSessionTimeout
    int serverSessionCacheSize -> serverSessionCacheSize
    int serverSessionTimeout -> serverSessionTimeout