iCuiniao/proguard/usage.txt
com.cmmobi.icuiniao.Activity.BindActivity:
    private static final java.lang.String BIND_WEIBO
    private static final java.lang.String BIND_QQ
com.cmmobi.icuiniao.Activity.CommentAllListActivity:
    166:169:public java.lang.String addUrlParam_myPage(java.lang.String,int,int)
com.cmmobi.icuiniao.Activity.CommentPageActivity_A:
    247:250:private void connectIsAddFriend()
    464:485:private com.cmmobi.icuiniao.entity.Result jsonResult(byte[],java.lang.String)
com.cmmobi.icuiniao.Activity.CropActivity:
    private static final float ScaleIn
    private static final float ScaleOut
    private static final float RoteAngel
com.cmmobi.icuiniao.Activity.FirstPageActivity:
    197:212:private void delShortcut()
com.cmmobi.icuiniao.Activity.GestureActivity:
    private static final java.lang.String GESTURE_RIGHT
    private static final java.lang.String GESTURE_CIRCLE
    private static final java.lang.String GESTURE_TRIANGLE
    private static final java.lang.String GESTURE_RIGHT_1
    private static final java.lang.String GESTURE_CIRCLE_1
    private static final java.lang.String GESTURE_TRIANGLE_1
    private static final java.lang.String GESTURE_TRIANGLE_2
    private static final java.lang.String GESTURE_RIGHT_H
    private static final java.lang.String GESTURE_CIRCLE_H
    private static final java.lang.String GESTURE_TRIANGLE_H
    private static final java.lang.String GESTURE_RIGHT_1_H
    private static final java.lang.String GESTURE_CIRCLE_1_H
    private static final java.lang.String GESTURE_TRIANGLE_1_H
    private static final java.lang.String GESTURE_TRIANGLE_2_H
com.cmmobi.icuiniao.Activity.LoginAndRegeditActivity:
    private static final int TYPE_LOGIN
    private static final int TYPE_LOGIN_ALIVE
    633:636:public java.lang.String addUrlParam(java.lang.String,int)
    640:643:public java.lang.String addUrlParam(java.lang.String)
com.cmmobi.icuiniao.Activity.MessageActivity_A:
    170:171:public void finish(boolean)
com.cmmobi.icuiniao.Activity.MessageManagerActivity:
    private java.lang.String msgString
    private int input_cur
    708:760:public void buildCommentDialog(int,int,java.lang.String)
    950:953:private final void registerReceiver()
    704:704:static int access$38(com.cmmobi.icuiniao.Activity.MessageManagerActivity)
    704:704:static void access$39(com.cmmobi.icuiniao.Activity.MessageManagerActivity,int)
    765:765:static void access$40(com.cmmobi.icuiniao.Activity.MessageManagerActivity,java.lang.String)
    703:703:static void access$41(com.cmmobi.icuiniao.Activity.MessageManagerActivity,java.lang.String)
    703:703:static java.lang.String access$42(com.cmmobi.icuiniao.Activity.MessageManagerActivity)
com.cmmobi.icuiniao.Activity.MessageManagerActivity$10
com.cmmobi.icuiniao.Activity.MessageManagerActivity$9
com.cmmobi.icuiniao.Activity.MessageManagerActivityA:
    private com.cmmobi.icuiniao.util.MessgeManager manager
    private java.lang.String msgString
    private int input_cur
    449:450:private void setCacheCommentMsgCnt()
    918:970:public void buildCommentDialog(int,int,java.lang.String)
    1010:1022:private int jsonCnt(byte[])
    914:914:static int access$44(com.cmmobi.icuiniao.Activity.MessageManagerActivityA)
    914:914:static void access$45(com.cmmobi.icuiniao.Activity.MessageManagerActivityA,int)
    975:975:static void access$46(com.cmmobi.icuiniao.Activity.MessageManagerActivityA,java.lang.String)
    913:913:static void access$47(com.cmmobi.icuiniao.Activity.MessageManagerActivityA,java.lang.String)
    913:913:static java.lang.String access$48(com.cmmobi.icuiniao.Activity.MessageManagerActivityA)
com.cmmobi.icuiniao.Activity.MessageManagerActivityA$12
com.cmmobi.icuiniao.Activity.MessageManagerActivityA$13
com.cmmobi.icuiniao.Activity.MessageReceiveService:
    private com.cmmobi.icuiniao.util.ConnectUtil mConnectUtil
    98:150:private void Json(byte[])
...
com.tencent.mm.sdk.platformtools.MAlarmHandler$CallBack
com.tencent.mm.sdk.platformtools.MAlarmHandler$IBumper
com.tencent.mm.sdk.platformtools.MMApplicationContext
com.tencent.mm.sdk.platformtools.MMEntryLock
com.tencent.mm.sdk.platformtools.MTimerHandler:
    private static int av
    public MTimerHandler(com.tencent.mm.sdk.platformtools.MTimerHandler$CallBack,boolean)
    public MTimerHandler(android.os.Looper,com.tencent.mm.sdk.platformtools.MTimerHandler$CallBack,boolean)
    private static int d()
    public void startTimer(long)
    public boolean stopped()
com.tencent.mm.sdk.platformtools.NetStatusUtil
com.tencent.mm.sdk.platformtools.PhoneUtil:
    public static final java.lang.String CELL_GSM
    public static final java.lang.String CELL_CDMA
    public static void getSignalStrength(android.content.Context)
com.tencent.mm.sdk.platformtools.PhoneUtil$CellInfo:
    public static final int MAX_CID
    public static final int MAX_LAC
com.tencent.mm.sdk.platformtools.PhoneUtil16Impl:
    public void getSignalStrength(android.content.Context)
com.tencent.mm.sdk.platformtools.PhoneUtil20Impl:
    public void getSignalStrength(android.content.Context)
com.tencent.mm.sdk.platformtools.SensorController:
    private android.hardware.SensorManager aS
    private android.hardware.Sensor aW
    private final boolean aX
    private boolean aZ
    public SensorController(android.content.Context)
    public void setSensorCallBack(com.tencent.mm.sdk.platformtools.SensorController$SensorEventCallBack)
    public void removeSensorCallBack()
    public boolean isSensorEnable()
com.tencent.mm.sdk.platformtools.SmoothScrollToPosition21below
com.tencent.mm.sdk.platformtools.SmoothScrollToPosition22
com.tencent.mm.sdk.platformtools.SyncTask
com.tencent.mm.sdk.platformtools.SyncTask$1
com.tencent.mm.sdk.platformtools.SystemProperty
com.tencent.mm.sdk.platformtools.TimeLogger
com.tencent.mm.sdk.platformtools.TrafficStats
com.tencent.mm.sdk.platformtools.Util:
    public static final int MAX_DECODE_PICTURE_SIZE
    public static final java.lang.String PHOTO_DEFAULT_EXT
    public static final long MILLSECONDS_OF_SECOND
    public static final long MILLSECONDS_OF_MINUTE
    public static final long MILLSECONDS_OF_HOUR
    public static final long MILLSECONDS_OF_DAY
    public static final long SECOND_OF_MINUTE
    public static final long MINUTE_OF_HOUR
    public static final long MAX_32BIT_VALUE
    public static final int MIN_ACCOUNT_LENGTH
    public static final int MAX_ACCOUNT_LENGTH
    public static final int MIN_PASSWORD_LENGTH
    public static final int MAX_PASSWORD_LENGTH
    public static final int BIT_OF_KB
    public static final int BIT_OF_MB
    public static final int BYTE_OF_KB
    public static final int BYTE_OF_MB
    public static final int MASK_4BIT
    public static final int MASK_8BIT
    public static final int MASK_16BIT
    public static final int MASK_32BIT
    public static final int BEGIN_TIME
    public static final int END_TIME
    public static final int DAY
    public static final java.lang.String TAIWAN
    public static final java.lang.String HONGKONG
    public static final java.lang.String CHINA
    public static final java.lang.String ENGLISH
    public static final java.lang.String LANGUAGE_DEFAULT
    public static java.lang.String escapeSqlValue(java.lang.String)
com.tencent.mm.sdk.platformtools.Util$1
com.tencent.mm.sdk.platformtools.Util$2
com.tencent.mm.sdk.platformtools.package-info
com.tencent.mm.sdk.plugin.IMMPluginAPI
com.tencent.mm.sdk.plugin.MMPluginAPIImpl
com.tencent.mm.sdk.plugin.MMPluginMsg
com.tencent.mm.sdk.plugin.MMPluginMsg$ReceiverHelper